/Library/Java/JavaVirtualMachines/jdk1.8.0_311.jdk/Contents/Home/bin/java -Djava.ext.dirs=/Library/Java/JavaVirtualMachines/jdk1.8.0_311.jdk/Contents/Home/jre/lib/ext:/Library/Java/JavaVirtualMachines/jdk1.8.0_311.jdk/Contents/Home/lib/ext  -Xms512m -Xmx512m -Xmn256m -Dnacos.standalone=true -Dnacos.member.list= -Xloggc:/Users/wangjiafu/Documents/workspace/idea/wangjiafu-cloud/nacos/logs/nacos_gc.log -verbose:gc -XX:+PrintGCDetails -XX:+PrintGCDateStamps -XX:+PrintGCTimeStamps -XX:+UseGCLogFileRotation -XX:NumberOfGCLogFiles=10 -XX:GCLogFileSize=100M -Dloader.path=/Users/wangjiafu/Documents/workspace/idea/wangjiafu-cloud/nacos/plugins/health,/Users/wangjiafu/Documents/workspace/idea/wangjiafu-cloud/nacos/plugins/cmdb,/Users/wangjiafu/Documents/workspace/idea/wangjiafu-cloud/nacos/plugins/selector -Dnacos.home=/Users/wangjiafu/Documents/workspace/idea/wangjiafu-cloud/nacos -jar /Users/wangjiafu/Documents/workspace/idea/wangjiafu-cloud/nacos/target/nacos-server.jar  --spring.com.wangjiafu.swagger.config.additional-location=file:/Users/wangjiafu/Documents/workspace/idea/wangjiafu-cloud/nacos/conf/ --logging.com.wangjiafu.swagger.config=/Users/wangjiafu/Documents/workspace/idea/wangjiafu-cloud/nacos/conf/nacos-logback.xml --server.max-http-header-size=524288

         ,--.
       ,--.'|
   ,--,:  : |                                           Nacos 2.0.4
,`--.'`|  ' :                       ,---.               Running in stand alone mode, All function modules
|   :  :  | |                      '   ,'\   .--.--.    Port: 8848
:   |   \ | :  ,--.--.     ,---.  /   /   | /  /    '   Pid: 1763
|   : '  '; | /       \   /     \.   ; ,. :|  :  /`./   Console: http://192.168.0.236:8848/nacos/index.html
'   ' ;.    ;.--.  .-. | /    / ''   | |: :|  :  ;_
|   | | \   | \__\/: . ..    ' / '   | .; : \  \    `.      https://nacos.io
'   : |  ; .' ," .--.; |'   ; :__|   :    |  `----.   \
|   | '`--'  /  /  ,.  |'   | '.'|\   \  /  /  /`--'  /
'   : |     ;  :   .'   \   :    : `----'  '--'.     /
;   |.'     |  ,     .-./\   \  /            `--'---'
'---'        `--`---'     `----'

2024-11-15 09:18:48,384 INFO Bean 'org.springframework.security.access.expression.method.DefaultMethodSecurityExpressionHandler@6d6bc158' of type [org.springframework.security.access.expression.method.DefaultMethodSecurityExpressionHandler] is not eligible for getting processed by all BeanPostProcessors (for example: not eligible for auto-proxying)

2024-11-15 09:18:48,392 INFO Bean 'methodSecurityMetadataSource' of type [org.springframework.security.access.method.DelegatingMethodSecurityMetadataSource] is not eligible for getting processed by all BeanPostProcessors (for example: not eligible for auto-proxying)

2024-11-15 09:18:49,074 INFO Tomcat initialized with port(s): 8848 (http)

2024-11-15 09:18:49,805 INFO Root WebApplicationContext: initialization completed in 7980 ms

2024-11-15 09:19:06,298 INFO Initializing ExecutorService 'applicationTaskExecutor'

2024-11-15 09:19:06,867 INFO Adding welcome page: class path resource [static/index.html]

2024-11-15 09:19:08,772 INFO Creating filter chain: Ant [pattern='/**'], []

2024-11-15 09:19:08,942 INFO Creating filter chain: any request, [org.springframework.security.web.context.request.async.WebAsyncManagerIntegrationFilter@756b58a7, org.springframework.security.web.context.SecurityContextPersistenceFilter@2ff15f8c, org.springframework.security.web.header.HeaderWriterFilter@6fa69af7, org.springframework.security.web.csrf.CsrfFilter@67d86804, org.springframework.security.web.authentication.logout.LogoutFilter@327ed9f5, org.springframework.security.web.savedrequest.RequestCacheAwareFilter@2776015d, org.springframework.security.web.servletapi.SecurityContextHolderAwareRequestFilter@1460c81d, org.springframework.security.web.authentication.AnonymousAuthenticationFilter@2cc04358, org.springframework.security.web.session.SessionManagementFilter@6d469831, org.springframework.security.web.access.ExceptionTranslationFilter@3e84111a]

2024-11-15 09:19:09,875 INFO Initializing ExecutorService 'taskScheduler'

2024-11-15 09:19:09,975 INFO Exposing 16 endpoint(s) beneath base path '/actuator'

2024-11-15 09:19:10,777 INFO Tomcat started on port(s): 8848 (http) with context path '/nacos'

2024-11-15 09:19:10,783 INFO Nacos started successfully in stand alone mode. use external storage

